{
    "stats": {
        "ast": "1",
        "fgpt3": "0.0",
        "dreb": "1",
        "topg": "0.3",
        "fgmpm": "5.1",
        "ftptg": ".500",
        "blkpm": "0.0",
        "ftppg": "0.2-0.3",
        "ftppm": "1.7-3.4",
        "dq": "0",
        "fgmpg": "0.5",
        "topm": "3.4",
        "blkpg": "0.0",
        "ftppct": ".500",
        "ato": "0.5",
        "fgptg3": ".000",
        "fgpt3pct": ".000",
        "stl": "1",
        "fgpt": "50.0",
        "minptg": "3.9",
        "fgp3pm": "0.0-5.1",
        "treb": "1",
        "trebpm": "1.7",
        "trebpg": "0.2",
        "fga": "6",
        "fgppm": "5.1-10.2",
        "ftapm": "3.4",
        "ftmpg": "0.2",
        "ptspg": "1.2",
        "pfpm": "5.1",
        "fgm3": "0",
        "fgm3pm": "0.0",
        "fgppg": "0.5-1.0",
        "fga3pg": "0.5",
        "ptspm": "12.0",
        "fgm": "3",
        "fgp": "3-6",
        "ftmpm": "1.7",
        "fgptg": ".500",
        "fta": "2",
        "min": "23",
        "fga3pm": "5.1",
        "fgp3pg": "0.0-0.5",
        "ftapg": "0.3",
        "pfpg": "0.5",
        "ga": "6-0",
        "fga3": "3",
        "ftm": "1",
        "blk": "0",
        "ftpt": "50.0",
        "orebpm": "0.0",
        "stlpm": "1.7",
        "fgptpct": ".500",
        "ftp": "1-2",
        "dqpm": "0.0",
        "orebpg": "0.0",
        "stlpg": "0.2",
        "gp": "6",
        "dqpg": "0.0",
        "fgp3": "0-3",
        "pts": "7",
        "fgapm": "10.2",
        "fgm3pg": "0.0",
        "drebpm": "1.7",
        "astpm": "1.7",
        "oreb": "0",
        "astpg": "0.2",
        "pf": "3",
        "minpg": "3.9",
        "drebpg": "0.2",
        "fgapg": "1.0",
        "to": "2",
        "minpm": "40"
    },
    "statsConference": {
        "ast": "0",
        "fgpt3": "0.0",
        "dreb": "0",
        "topg": "0.0",
        "fgmpm": "0.0",
        "blkpm": "0.0",
        "ftppg": "0.0-0.0",
        "ftppm": "0.0-0.0",
        "dq": "0",
        "fgmpg": "0.0",
        "topm": "0.0",
        "blkpg": "0.0",
        "fgptg3": ".000",
        "fgpt3pct": ".000",
        "stl": "0",
        "fgpt": "0.0",
        "minptg": "3.8",
        "fgp3pm": "0.0-10.4",
        "treb": "0",
        "trebpm": "0.0",
        "trebpg": "0.0",
        "fga": "1",
        "fgppm": "0.0-10.4",
        "ftapm": "0.0",
        "ftmpg": "0.0",
        "ptspg": "0.0",
        "pfpm": "10.4",
        "fgm3": "0",
        "fgm3pm": "0.0",
        "fgppg": "0.0-1.0",
        "fga3pg": "1.0",
        "ptspm": "0.0",
        "fgm": "0",
        "fgp": "0-1",
        "ftmpm": "0.0",
        "fgptg": ".000",
        "fta": "0",
        "min": "4",
        "fga3pm": "10.4",
        "fgp3pg": "0.0-1.0",
        "ftapg": "0.0",
        "pfpg": "1.0",
        "ga": "1-0",
        "fga3": "1",
        "ftm": "0",
        "blk": "0",
        "orebpm": "0.0",
        "stlpm": "0.0",
        "fgptpct": ".000",
        "ftp": "0-0",
        "dqpm": "0.0",
        "orebpg": "0.0",
        "stlpg": "0.0",
        "gp": "1",
        "dqpg": "0.0",
        "fgp3": "0-1",
        "pts": "0",
        "fgapm": "10.4",
        "fgm3pg": "0.0",
        "drebpm": "0.0",
        "astpm": "0.0",
        "oreb": "0",
        "astpg": "0.0",
        "pf": "1",
        "minpg": "3.8",
        "drebpg": "0.0",
        "fgapg": "1.0",
        "to": "0",
        "minpm": "40"
    },
    "statsNational": {
        "ast": "1",
        "fgpt3": "0.0",
        "dreb": "1",
        "topg": "0.4",
        "fgmpm": "7.3",
        "ftptg": ".500",
        "blkpm": "0.0",
        "ftppg": "0.2-0.4",
        "ftppm": "2.4-4.9",
        "dq": "0",
        "fgmpg": "0.6",
        "topm": "4.9",
        "blkpg": "0.0",
        "ftppct": ".500",
        "ato": "0.5",
        "fgptg3": ".000",
        "fgpt3pct": ".000",
        "stl": "1",
        "fgpt": "75.0",
        "minptg": "3.3",
        "fgp3pm": "0.0-2.4",
        "treb": "1",
        "trebpm": "2.4",
        "trebpg": "0.2",
        "fga": "4",
        "fgppm": "7.3-9.7",
        "ftapm": "4.9",
        "ftmpg": "0.2",
        "ptspg": "1.4",
        "pfpm": "7.3",
        "fgm3": "0",
        "fgm3pm": "0.0",
        "fgppg": "0.6-0.8",
        "fga3pg": "0.2",
        "ptspm": "17.1",
        "fgm": "3",
        "fgp": "3-4",
        "ftmpm": "2.4",
        "fgptg": ".750",
        "fta": "2",
        "min": "16",
        "fga3pm": "2.4",
        "fgp3pg": "0.0-0.2",
        "ftapg": "0.4",
        "pfpg": "0.6",
        "ga": "5-0",
        "fga3": "1",
        "ftm": "1",
        "blk": "0",
        "ftpt": "50.0",
        "orebpm": "0.0",
        "stlpm": "2.4",
        "fgptpct": ".750",
        "ftp": "1-2",
        "dqpm": "0.0",
        "orebpg": "0.0",
        "stlpg": "0.2",
        "gp": "5",
        "dqpg": "0.0",
        "fgp3": "0-1",
        "pts": "7",
        "fgapm": "9.7",
        "fgm3pg": "0.0",
        "drebpm": "2.4",
        "astpm": "2.4",
        "oreb": "0",
        "astpg": "0.2",
        "pf": "3",
        "minpg": "3.3",
        "drebpg": "0.2",
        "fgapg": "0.8",
        "to": "2",
        "minpm": "40"
    },
    "pageName": "noahgorjestanisn9c",
    "teamPageName": null,
    "firstName": "Noah",
    "lastName": "Gorjestani",
    "team": "Dakota County Technical College",
    "playerId": "sn9cfm9dzrvkrudr",
    "teamId": "d6w8l64fbpdoxkwd",
    "conference": "",
    "region": "13",
    "dob": null,
    "careerId": null,
    "rank": null,
    "eventCount": 6,
    "lastUpdated": 1768665919000,
    "position": "Guard",
    "positionAbbreviation": "",
    "positionCode": "1001",
    "dataMap": {
        "hometown": "",
        "born": "",
        "weight": "",
        "height": ""
    },
    "uniform": "32",
    "year": "FR",
    "playerStatus": {
        "enumCode": 1,
        "abbr": "A",
        "statusName": "Active",
        "active": true,
        "interceptFieldCallback": null,
        "nullableType": {
            "comparator": {},
            "returnedClass": "java.lang.Integer",
            "name": "integer",
            "primitiveClass": "int",
            "defaultValue": 0,
            "mutable": false,
            "componentType": false,
            "collectionType": false,
            "entityType": false,
            "associationType": false,
            "xmlelement": false,
            "anyType": false
        },
        "mutable": false
    },
    "active": true,
    "fullName": "Noah Gorjestani",
    "minCalcStats": {
        "fgppm": false,
        "fgpt3": false,
        "topg": false,
        "ptspg": false,
        "pfpm": false,
        "blkpm": false,
        "ftppg": false,
        "fgppg": false,
        "ptspm": false,
        "ftppm": false,
        "topm": false,
        "blkpg": false,
        "fgp3pg": false,
        "pfpg": false,
        "ato": false,
        "ftpt": false,
        "stlpm": false,
        "orebpm": false,
        "stlpg": false,
        "orebpg": false,
        "fgpt": false,
        "fgp3pm": false,
        "trebpm": false,
        "drebpm": false,
        "astpm": false,
        "astpg": false,
        "minpg": false,
        "drebpg": false,
        "trebpg": false,
        "minpm": false
    },
    "minCalcConfStats": {
        "fgppm": false,
        "fgpt3": false,
        "topg": true,
        "ptspg": true,
        "pfpm": false,
        "blkpm": false,
        "ftppg": true,
        "fgppg": true,
        "ptspm": false,
        "ftppm": false,
        "topm": false,
        "blkpg": true,
        "fgp3pg": true,
        "pfpg": true,
        "ato": true,
        "ftpt": false,
        "stlpm": false,
        "orebpm": false,
        "stlpg": true,
        "orebpg": true,
        "fgpt": false,
        "fgp3pm": false,
        "trebpm": false,
        "drebpm": false,
        "astpm": false,
        "astpg": true,
        "minpg": true,
        "drebpg": true,
        "trebpg": true,
        "minpm": false
    },
    "minCalcNationalStats": {
        "fgppm": false,
        "fgpt3": false,
        "topg": false,
        "ptspg": false,
        "pfpm": false,
        "blkpm": false,
        "ftppg": false,
        "fgppg": false,
        "ptspm": false,
        "ftppm": false,
        "topm": false,
        "blkpg": false,
        "fgp3pg": false,
        "pfpg": false,
        "ato": false,
        "ftpt": false,
        "stlpm": false,
        "orebpm": false,
        "stlpg": false,
        "orebpg": false,
        "fgpt": false,
        "fgp3pm": false,
        "trebpm": false,
        "drebpm": false,
        "astpm": false,
        "astpg": false,
        "minpg": false,
        "drebpg": false,
        "trebpg": false,
        "minpm": false
    },
    "minStats": {},
    "minConfStats": {},
    "minNationalStats": {}
}