{
    "stats": {
        "ast": "0",
        "fgpt3": "0.0",
        "dreb": "0",
        "topg": "1.0",
        "fgmpm": "8.0",
        "ftptg": ".500",
        "blkpm": "0.0",
        "ftppg": "0.5-1.0",
        "ftppm": "4.0-8.0",
        "fgmpg": "1.0",
        "topm": "8.0",
        "blkpg": "0.0",
        "ftppct": ".500",
        "ato": "0.0",
        "fgptg3": ".000",
        "fgpt3pct": ".000",
        "stl": "0",
        "fgpt": "50.0",
        "minptg": "5.0",
        "fgp3pm": "0.0-8.0",
        "treb": "0",
        "trebpm": "0.0",
        "trebpg": "0.0",
        "fga": "4",
        "fgppm": "8.0-16.0",
        "ftapm": "8.0",
        "ftmpg": "0.5",
        "ptspg": "2.5",
        "pfpm": "4.0",
        "fgm3": "0",
        "fgm3pm": "0.0",
        "fgppg": "1.0-2.0",
        "fga3pg": "1.0",
        "ptspm": "20.0",
        "fgm": "2",
        "fgp": "2-4",
        "ftmpm": "4.0",
        "fgptg": ".500",
        "fta": "2",
        "min": "10",
        "fga3pm": "8.0",
        "fgp3pg": "0.0-1.0",
        "ftapg": "1.0",
        "pfpg": "0.5",
        "ga": "2-0",
        "fga3": "2",
        "ftm": "1",
        "blk": "0",
        "ftpt": "50.0",
        "orebpm": "0.0",
        "stlpm": "0.0",
        "fgptpct": ".500",
        "ftp": "1-2",
        "dqpm": "0.0",
        "orebpg": "0.0",
        "stlpg": "0.0",
        "gp": "2",
        "fgp3": "0-2",
        "pts": "5",
        "fgapm": "16.0",
        "fgm3pg": "0.0",
        "drebpm": "0.0",
        "astpm": "0.0",
        "oreb": "0",
        "astpg": "0.0",
        "pf": "1",
        "minpg": "5.0",
        "drebpg": "0.0",
        "fgapg": "2.0",
        "to": "2",
        "minpm": "40"
    },
    "statsConference": {
        "fgppm": "0.0-0.0",
        "ftp": "0-0",
        "fgp3pg": "0.0-0.0",
        "ftppg": "0.0-0.0",
        "ga": "0-0",
        "fgp3": "0-0",
        "fgppg": "0.0-0.0",
        "fgp3pm": "0.0-0.0",
        "ftppm": "0.0-0.0",
        "pts": "0",
        "minpm": "40",
        "fgp": "0-0"
    },
    "statsNational": {
        "ast": "0",
        "dreb": "0",
        "topg": "2.0",
        "fgmpm": "26.7",
        "ftptg": ".500",
        "blkpm": "0.0",
        "ftppg": "1.0-2.0",
        "ftppm": "13.3-26.7",
        "fgmpg": "2.0",
        "topm": "26.7",
        "blkpg": "0.0",
        "ftppct": ".500",
        "ato": "0.0",
        "stl": "0",
        "fgpt": "100.0",
        "minptg": "3.0",
        "fgp3pm": "0.0-0.0",
        "treb": "0",
        "trebpm": "0.0",
        "trebpg": "0.0",
        "fga": "2",
        "fgppm": "26.7-26.7",
        "ftapm": "26.7",
        "ftmpg": "1.0",
        "ptspg": "5.0",
        "pfpm": "13.3",
        "fgm3": "0",
        "fgm3pm": "0.0",
        "fgppg": "2.0-2.0",
        "fga3pg": "0.0",
        "ptspm": "66.7",
        "fgm": "2",
        "fgp": "2-2",
        "ftmpm": "13.3",
        "fgptg": "1.000",
        "fta": "2",
        "min": "3",
        "fga3pm": "0.0",
        "fgp3pg": "0.0-0.0",
        "ftapg": "2.0",
        "pfpg": "1.0",
        "ga": "1-0",
        "fga3": "0",
        "ftm": "1",
        "blk": "0",
        "ftpt": "50.0",
        "orebpm": "0.0",
        "stlpm": "0.0",
        "fgptpct": "1.000",
        "ftp": "1-2",
        "dqpm": "0.0",
        "orebpg": "0.0",
        "stlpg": "0.0",
        "gp": "1",
        "fgp3": "0-0",
        "pts": "5",
        "fgapm": "26.7",
        "fgm3pg": "0.0",
        "drebpm": "0.0",
        "astpm": "0.0",
        "oreb": "0",
        "astpg": "0.0",
        "pf": "1",
        "minpg": "3.0",
        "drebpg": "0.0",
        "fgapg": "2.0",
        "to": "2",
        "minpm": "40"
    },
    "pageName": "noahgorjestanisn9c",
    "teamPageName": null,
    "firstName": "Noah",
    "lastName": "Gorjestani",
    "team": "Dakota County Technical College",
    "playerId": "sn9cfm9dzrvkrudr",
    "teamId": "d6w8l64fbpdoxkwd",
    "conference": "",
    "region": "13",
    "dob": null,
    "careerId": null,
    "rank": null,
    "eventCount": 2,
    "lastUpdated": 1766280586000,
    "position": "Guard",
    "positionAbbreviation": "",
    "positionCode": "1001",
    "dataMap": {
        "hometown": "",
        "born": "",
        "weight": "",
        "height": ""
    },
    "uniform": "32",
    "year": "FR",
    "playerStatus": {
        "enumCode": 1,
        "abbr": "A",
        "statusName": "Active",
        "active": true,
        "interceptFieldCallback": null,
        "nullableType": {
            "comparator": {},
            "returnedClass": "java.lang.Integer",
            "name": "integer",
            "primitiveClass": "int",
            "defaultValue": 0,
            "collectionType": false,
            "mutable": false,
            "componentType": false,
            "entityType": false,
            "associationType": false,
            "xmlelement": false,
            "anyType": false
        },
        "mutable": false
    },
    "active": true,
    "fullName": "Noah Gorjestani",
    "minCalcStats": {
        "fgppm": false,
        "fgpt3": false,
        "topg": false,
        "ptspg": false,
        "pfpm": false,
        "blkpm": false,
        "ftppg": false,
        "fgppg": false,
        "ptspm": false,
        "ftppm": false,
        "topm": false,
        "blkpg": false,
        "fgp3pg": false,
        "pfpg": false,
        "ato": false,
        "ftpt": false,
        "stlpm": false,
        "orebpm": false,
        "stlpg": false,
        "orebpg": false,
        "fgpt": false,
        "fgp3pm": false,
        "trebpm": false,
        "drebpm": false,
        "astpm": false,
        "astpg": false,
        "minpg": false,
        "drebpg": false,
        "trebpg": false,
        "minpm": false
    },
    "minCalcConfStats": {
        "fgppm": false,
        "fgpt3": false,
        "topg": false,
        "ptspg": false,
        "pfpm": false,
        "blkpm": false,
        "ftppg": false,
        "fgppg": false,
        "ptspm": false,
        "ftppm": false,
        "topm": false,
        "blkpg": false,
        "fgp3pg": false,
        "pfpg": false,
        "ato": false,
        "ftpt": false,
        "stlpm": false,
        "orebpm": false,
        "stlpg": false,
        "orebpg": false,
        "fgpt": false,
        "fgp3pm": false,
        "trebpm": false,
        "drebpm": false,
        "astpm": false,
        "astpg": false,
        "minpg": false,
        "drebpg": false,
        "trebpg": false,
        "minpm": false
    },
    "minCalcNationalStats": {
        "fgppm": false,
        "fgpt3": false,
        "topg": false,
        "ptspg": false,
        "pfpm": false,
        "blkpm": false,
        "ftppg": false,
        "fgppg": false,
        "ptspm": false,
        "ftppm": false,
        "topm": false,
        "blkpg": false,
        "fgp3pg": false,
        "pfpg": false,
        "ato": false,
        "ftpt": false,
        "stlpm": false,
        "orebpm": false,
        "stlpg": false,
        "orebpg": false,
        "fgpt": false,
        "fgp3pm": false,
        "trebpm": false,
        "drebpm": false,
        "astpm": false,
        "astpg": false,
        "minpg": false,
        "drebpg": false,
        "trebpg": false,
        "minpm": false
    },
    "minStats": {},
    "minConfStats": {},
    "minNationalStats": {}
}